<?xml version="1.0" encoding="UTF-8"?>
<!-- Generated by org.testng.reporters.JUnitReportReporter -->
<testsuite hostname="LAPTOP-KJ6JMPDT" failures="0" tests="5" name="Data_Driven_Testing.Customer_Module" time="0.020" errors="0" timestamp="2023-11-04T19:10:45 IST" skipped="0">
  <testcase classname="Data_Driven_Testing.Customer_Module" name="createModule" time="0.002">
    <system-out>
      <![CDATA[Create Customer]]>
    </system-out>
  </testcase> <!-- createModule -->
  <testcase classname="Data_Driven_Testing.Customer_Module" name="createModule" time="0.002">
    <system-out>
      <![CDATA[Create Customer]]>
    </system-out>
  </testcase> <!-- createModule -->
  <testcase classname="Data_Driven_Testing.Customer_Module" name="createModule" time="0.005">
    <system-out>
      <![CDATA[Create Customer]]>
    </system-out>
  </testcase> <!-- createModule -->
  <testcase classname="Data_Driven_Testing.Customer_Module" name="modifyModule" time="0.005">
    <system-out>
      <![CDATA[Modify Module]]>
    </system-out>
  </testcase> <!-- modifyModule -->
  <testcase classname="Data_Driven_Testing.Customer_Module" name="deleteModule" time="0.006">
    <system-out>
      <![CDATA[Delete Module]]>
    </system-out>
  </testcase> <!-- deleteModule -->
  <system-out>
    <![CDATA[HELLO
WELCOME TO NIJAM ERA
Have a Good Day
Create Customer
Create Customer
Create Customer
Modify Module
Delete Module
Welcome]]>
  </system-out>
</testsuite> <!-- Data_Driven_Testing.Customer_Module -->
