<?xml version="1.0" encoding="UTF-8"?>
<!-- Generated by org.testng.reporters.JUnitReportReporter -->
<testsuite hostname="LAPTOP-KJ6JMPDT" failures="0" tests="1" name="com.actitime.testscript.ClientModule" time="0.012" errors="0" timestamp="2023-11-07T20:10:36 IST" skipped="0">
  <testcase classname="com.actitime.testscript.ClientModule" name="creatCustomer" time="0.012">
    <system-out>
      <![CDATA[Create Customer]]>
    </system-out>
  </testcase> <!-- creatCustomer -->
  <system-out>
    <![CDATA[Open Browser
Login
Create Customer
Logout
Close Browser
Open Browser
Login
Create Project
Logout
Close Browser
Open Browser
Login
Create Task
Logout
Close Browser]]>
  </system-out>
</testsuite> <!-- com.actitime.testscript.ClientModule -->
