<?xml version="1.0" encoding="UTF-8"?>
<!-- Generated by org.testng.reporters.JUnitReportReporter -->
<testsuite hostname="LAPTOP-KJ6JMPDT" failures="0" tests="1" name="com.actitime.testscript.CreateCustomer" time="36.635" errors="0" timestamp="2023-12-01T08:41:59 IST" skipped="0">
  <testcase classname="com.actitime.testscript.CreateCustomer" name="createCustomer" time="36.635">
    <system-out>
      <![CDATA[Customer Created]]>
    </system-out>
  </testcase> <!-- createCustomer -->
  <system-out>
    <![CDATA[Open Browser
Login
Customer Created
Logout
Close browser]]>
  </system-out>
</testsuite> <!-- com.actitime.testscript.CreateCustomer -->
