<?xml version="1.0" encoding="UTF-8"?>
<!-- Generated by org.testng.reporters.JUnitReportReporter -->
<testsuite hostname="LAPTOP-KJ6JMPDT" failures="0" tests="1" name="com.actitime.testscript.VendorModule" time="8.766" errors="0" timestamp="2023-11-07T23:17:05 IST" skipped="0">
  <testcase classname="com.actitime.testscript.VendorModule" name="creatCustomer" time="8.766">
    <system-out>
      <![CDATA[Create Customer]]>
    </system-out>
  </testcase> <!-- creatCustomer -->
  <system-out>
    <![CDATA[Open Browser
Login
Create Customer
Logout
Close Browser]]>
  </system-out>
</testsuite> <!-- com.actitime.testscript.VendorModule -->
