<?xml version="1.0" encoding="UTF-8"?>
<!-- Generated by org.testng.reporters.JUnitReportReporter -->
<testsuite hostname="LAPTOP-KJ6JMPDT" failures="0" tests="1" name="Assertion.Add" time="0.017" errors="0" timestamp="2023-11-06T18:28:38 IST" skipped="0">
  <testcase classname="Assertion.Add" name="akmal" time="0.017">
    <system-out>
      <![CDATA[Hi AKMAL]]>
    </system-out>
  </testcase> <!-- akmal -->
  <system-out>
    <![CDATA[Hi AKMAL]]>
  </system-out>
</testsuite> <!-- Assertion.Add -->
