<?xml version="1.0" encoding="UTF-8"?>
<!-- Generated by org.testng.reporters.JUnitReportReporter -->
<testsuite hostname="LAPTOP-KJ6JMPDT" failures="0" tests="1" name="com.actitime.testscript.TestData" time="0.011" errors="0" timestamp="2023-11-04T19:10:45 IST" skipped="0">
  <testcase classname="com.actitime.testscript.TestData" name="DemoTest" time="0.011">
    <system-out>
      <![CDATA[HELLO
WELCOME TO NIJAM ERA
Have a Good Day]]>
    </system-out>
  </testcase> <!-- DemoTest -->
  <system-out>
    <![CDATA[HELLO
WELCOME TO NIJAM ERA
Have a Good Day
Create Customer
Create Customer
Create Customer
Modify Module
Delete Module
Welcome]]>
  </system-out>
</testsuite> <!-- com.actitime.testscript.TestData -->
