<?xml version="1.0" encoding="UTF-8"?>
<!-- Generated by org.testng.reporters.JUnitReportReporter -->
<testsuite hostname="LAPTOP-KJ6JMPDT" failures="0" tests="2" name="com.actitime.testscript.CapitalTask" time="0.021" errors="0" timestamp="2023-11-09T19:50:07 IST" skipped="0">
  <testcase classname="com.actitime.testscript.CapitalTask" name="deleteTask" time="0.008">
    <system-out>
      <![CDATA[Delete Task]]>
    </system-out>
  </testcase> <!-- deleteTask -->
  <testcase classname="com.actitime.testscript.CapitalTask" name="modifyTask" time="0.013">
    <system-out>
      <![CDATA[Modify Task]]>
    </system-out>
  </testcase> <!-- modifyTask -->
  <system-out>
    <![CDATA[Login
Delete Task
Logout
Login
Modify Task
Logout
Login
Delete Project
Logout
Login
Modify Project
Logout
Login
Delete Capital
Logout
Login
Modify Capital
Logout
Close Browser]]>
  </system-out>
</testsuite> <!-- com.actitime.testscript.CapitalTask -->
