<?xml version="1.0" encoding="UTF-8"?>
<!-- Generated by org.testng.reporters.JUnitReportReporter -->
<testsuite hostname="LAPTOP-KJ6JMPDT" failures="0" tests="1" name="com.actitime.testscript.ClientTest" time="0.008" errors="0" timestamp="2023-11-07T19:58:51 IST" skipped="0">
  <testcase classname="com.actitime.testscript.ClientTest" name="createTask" time="0.008">
    <system-out>
      <![CDATA[Create Project]]>
    </system-out>
  </testcase> <!-- createTask -->
  <system-out>
    <![CDATA[Open Browser
Login
Create Customer
Logout
Close Browser
Open Browser
Login
Create Project
Logout
Close Browser
Open Browser
Login
Create Project
Logout
Close Browser]]>
  </system-out>
</testsuite> <!-- com.actitime.testscript.ClientTest -->
