<?xml version="1.0" encoding="UTF-8"?>
<!-- Generated by org.testng.reporters.JUnitReportReporter -->
<testsuite hostname="LAPTOP-KJ6JMPDT" failures="0" tests="1" name="com.actitime.testscript.DemoTesting" time="0.001" errors="0" timestamp="2023-11-04T19:10:45 IST" skipped="0">
  <testcase classname="com.actitime.testscript.DemoTesting" name="testDemo" time="0.001">
    <system-out>
      <![CDATA[Welcome]]>
    </system-out>
  </testcase> <!-- testDemo -->
  <system-out>
    <![CDATA[HELLO
WELCOME TO NIJAM ERA
Have a Good Day
Create Customer
Create Customer
Create Customer
Modify Module
Delete Module
Welcome]]>
  </system-out>
</testsuite> <!-- com.actitime.testscript.DemoTesting -->
