<?xml version="1.0" encoding="UTF-8"?>
<!-- Generated by org.testng.reporters.JUnitReportReporter -->
<testsuite hostname="LAPTOP-KJ6JMPDT" failures="0" tests="1" name="Assertion.VerifyTitle" time="6.062" errors="0" timestamp="2023-11-06T19:16:40 IST" skipped="0">
  <testcase classname="Assertion.VerifyTitle" name="verify" time="6.062">
    <system-out>
      <![CDATA[Title Matching and Pass]]>
    </system-out>
  </testcase> <!-- verify -->
  <system-out>
    <![CDATA[Title Matching and Pass]]>
  </system-out>
</testsuite> <!-- Assertion.VerifyTitle -->
