<?xml version="1.0" encoding="UTF-8"?>
<!-- Generated by org.testng.reporters.JUnitReportReporter -->
<testsuite hostname="LAPTOP-KJ6JMPDT" failures="0" tests="5" name="Annotation.CustomerModule" time="0.038" errors="0" timestamp="2023-11-06T20:32:02 IST" skipped="0">
  <testcase classname="Annotation.CustomerModule" name="createModule" time="0.007">
    <system-out>
      <![CDATA[Create Module]]>
    </system-out>
  </testcase> <!-- createModule -->
  <testcase classname="Annotation.CustomerModule" name="modifyModule" time="0.006">
    <system-out>
      <![CDATA[Modify Module]]>
    </system-out>
  </testcase> <!-- modifyModule -->
  <testcase classname="Annotation.CustomerModule" name="deleteModule" time="0.008">
    <system-out>
      <![CDATA[Delete Module]]>
    </system-out>
  </testcase> <!-- deleteModule -->
  <testcase classname="Annotation.CustomerModule" name="deleteModule" time="0.014">
    <system-out>
      <![CDATA[Delete Module]]>
    </system-out>
  </testcase> <!-- deleteModule -->
  <testcase classname="Annotation.CustomerModule" name="deleteModule" time="0.003">
    <system-out>
      <![CDATA[Delete Module]]>
    </system-out>
  </testcase> <!-- deleteModule -->
  <system-out>
    <![CDATA[Login
Create Module
logout
Login
Modify Module
logout
Login
Delete Module
logout
Login
Delete Module
logout
Login
Delete Module
logout]]>
  </system-out>
</testsuite> <!-- Annotation.CustomerModule -->
