<?xml version="1.0" encoding="UTF-8"?>
<!-- Generated by org.testng.reporters.JUnitReportReporter -->
<testsuite hostname="LAPTOP-KJ6JMPDT" failures="0" tests="1" name="com.actitime.pom.TestMethod" time="13.100" errors="0" timestamp="2023-11-11T20:00:35 IST" skipped="0">
  <testcase classname="com.actitime.pom.TestMethod" name="testLogin" time="13.100"/>
</testsuite> <!-- com.actitime.pom.TestMethod -->
