<?xml version="1.0" encoding="UTF-8"?>
<!-- Generated by org.testng.reporters.JUnitReportReporter -->
<testsuite hostname="LAPTOP-KJ6JMPDT" failures="0" tests="2" name="com.actitime.testscript.CapitalModule" time="0.025" errors="0" timestamp="2023-11-09T19:50:07 IST" skipped="0">
  <testcase classname="com.actitime.testscript.CapitalModule" name="deleteCapital" time="0.013">
    <system-out>
      <![CDATA[Delete Capital]]>
    </system-out>
  </testcase> <!-- deleteCapital -->
  <testcase classname="com.actitime.testscript.CapitalModule" name="modifyCapital" time="0.012">
    <system-out>
      <![CDATA[Modify Capital]]>
    </system-out>
  </testcase> <!-- modifyCapital -->
  <system-out>
    <![CDATA[Login
Delete Task
Logout
Login
Modify Task
Logout
Login
Delete Project
Logout
Login
Modify Project
Logout
Login
Delete Capital
Logout
Login
Modify Capital
Logout
Close Browser]]>
  </system-out>
</testsuite> <!-- com.actitime.testscript.CapitalModule -->
