<?xml version="1.0" encoding="UTF-8"?>
<!-- Generated by org.testng.reporters.JUnitReportReporter -->
<testsuite hostname="LAPTOP-KJ6JMPDT" failures="0" tests="1" name="com.actitime.testscript.BuyerProject" time="0.007" errors="0" timestamp="2023-11-09T19:46:42 IST" skipped="0">
  <testcase classname="com.actitime.testscript.BuyerProject" name="createProject" time="0.007">
    <system-out>
      <![CDATA[Create Project]]>
    </system-out>
  </testcase> <!-- createProject -->
  <system-out>
    <![CDATA[Open Browser
Login
Create Task
Logout
Login
Delete Task
Logout
Login
Modify Task
Logout
Login
Create Customer
Logout
Login
Create Project
Logout
Login
Delete Project
Logout
Login
Modify Project
Logout
Login
Create Task
Logout
Login
Create Capital
Logout
Login
Delete Capital
Logout
Login
Modify Capital
Logout
Login
Create Project
Logout
Close Browser]]>
  </system-out>
</testsuite> <!-- com.actitime.testscript.BuyerProject -->
