<?xml version="1.0" encoding="UTF-8"?>
<!-- Generated by org.testng.reporters.JUnitReportReporter -->
<testsuite hostname="LAPTOP-KJ6JMPDT" failures="0" tests="3" name="com.actitime.testscript.CustomerModule" time="0.019" errors="0" timestamp="2023-11-07T19:07:54 IST" skipped="0">
  <testcase classname="com.actitime.testscript.CustomerModule" name="deleteCustomer" time="0.005">
    <system-out>
      <![CDATA[Delete Customer]]>
    </system-out>
  </testcase> <!-- deleteCustomer -->
  <testcase classname="com.actitime.testscript.CustomerModule" name="createcustomer" time="0.013">
    <system-out>
      <![CDATA[Create Customer]]>
    </system-out>
  </testcase> <!-- createcustomer -->
  <testcase classname="com.actitime.testscript.CustomerModule" name="modifyCustomer" time="0.001">
    <system-out>
      <![CDATA[Modify Module]]>
    </system-out>
  </testcase> <!-- modifyCustomer -->
  <system-out>
    <![CDATA[Open Browser
Login
Create Customer
Logout
Login
Delete Customer
Logout
Login
Modify Module
Logout
Close Browser]]>
  </system-out>
</testsuite> <!-- com.actitime.testscript.CustomerModule -->
