<?xml version="1.0" encoding="UTF-8"?>
<!-- Generated by org.testng.reporters.JUnitReportReporter -->
<testsuite hostname="LAPTOP-KJ6JMPDT" failures="0" tests="1" name="Assertion.VErify_Title_TestNG2" time="14.232" errors="0" timestamp="2023-11-06T19:38:54 IST" skipped="0">
  <testcase classname="Assertion.VErify_Title_TestNG2" name="verifyTitle" time="14.232"/>
</testsuite> <!-- Assertion.VErify_Title_TestNG2 -->
