<?xml version="1.0" encoding="UTF-8"?>
<!-- Generated by org.testng.reporters.JUnitReportReporter -->
<testsuite hostname="LAPTOP-KJ6JMPDT" failures="0" tests="2" name="com.actitime.testscript.Capitalproject" time="0.020" errors="0" timestamp="2023-11-09T19:50:07 IST" skipped="0">
  <testcase classname="com.actitime.testscript.Capitalproject" name="modifyProject" time="0.014">
    <system-out>
      <![CDATA[Modify Project]]>
    </system-out>
  </testcase> <!-- modifyProject -->
  <testcase classname="com.actitime.testscript.Capitalproject" name="deleteProject" time="0.006">
    <system-out>
      <![CDATA[Delete Project]]>
    </system-out>
  </testcase> <!-- deleteProject -->
  <system-out>
    <![CDATA[Login
Delete Task
Logout
Login
Modify Task
Logout
Login
Delete Project
Logout
Login
Modify Project
Logout
Login
Delete Capital
Logout
Login
Modify Capital
Logout
Close Browser]]>
  </system-out>
</testsuite> <!-- com.actitime.testscript.Capitalproject -->
