<?xml version="1.0" encoding="UTF-8"?>
<!-- Generated by org.testng.reporters.JUnitReportReporter -->
<testsuite hostname="LAPTOP-KJ6JMPDT" failures="0" tests="6" name="com.actitime.testscript.CustomerModule1" time="0.036" errors="0" timestamp="2023-11-07T19:33:26 IST" skipped="0">
  <testcase classname="com.actitime.testscript.CustomerModule1" name="deleteCustomer" time="0.007">
    <system-out>
      <![CDATA[Delete Customer]]>
    </system-out>
  </testcase> <!-- deleteCustomer -->
  <testcase classname="com.actitime.testscript.CustomerModule1" name="deleteCustomer" time="0.005">
    <system-out>
      <![CDATA[Delete Customer]]>
    </system-out>
  </testcase> <!-- deleteCustomer -->
  <testcase classname="com.actitime.testscript.CustomerModule1" name="deleteCustomer" time="0.004">
    <system-out>
      <![CDATA[Delete Customer]]>
    </system-out>
  </testcase> <!-- deleteCustomer -->
  <testcase classname="com.actitime.testscript.CustomerModule1" name="registerCustomer" time="0.004">
    <system-out>
      <![CDATA[Register Customer]]>
    </system-out>
  </testcase> <!-- registerCustomer -->
  <testcase classname="com.actitime.testscript.CustomerModule1" name="editCustomer" time="0.008">
    <system-out>
      <![CDATA[Edit Customer]]>
    </system-out>
  </testcase> <!-- editCustomer -->
  <testcase classname="com.actitime.testscript.CustomerModule1" name="editCustomer" time="0.008">
    <system-out>
      <![CDATA[Edit Customer]]>
    </system-out>
  </testcase> <!-- editCustomer -->
  <system-out>
    <![CDATA[Open Browser
Login
Delete Customer
Logout
Login
Delete Customer
Logout
Login
Delete Customer
Logout
Login
Register Customer
Logout
Login
Edit Customer
Logout
Login
Edit Customer
Logout
Close Browser]]>
  </system-out>
</testsuite> <!-- com.actitime.testscript.CustomerModule1 -->
